Using pre-set license
Built from '2020.3/release' branch; Version is '2020.3.1f1 (77a89f25062f) revision 7841951'; Using compiler version '192528614'; Build Type 'Release'
OS: 'Windows 10 Pro; OS build 19042.985; Version 2009; 64bit' Language: 'fr' Physical Memory: 32699 MB
BatchMode: 1, IsHumanControllingUs: 0, StartBugReporterOnCrash: 0, Is64bit: 1, IsPro: 0

 COMMAND LINE ARGUMENTS:
C:\Program Files\Unity\Hub\Editor\2020.3.1f1\Editor\Unity.exe
-adb2
-batchMode
-noUpm
-name
AssetImportWorker0
-projectPath
C:/Users/axell/OneDrive/Documents/GitHub/Guitare-023/Guitare
-logFile
Logs/AssetImportWorker0.log
-srvPort
59331
Successfully changed project path to: C:/Users/axell/OneDrive/Documents/GitHub/Guitare-023/Guitare
C:/Users/axell/OneDrive/Documents/GitHub/Guitare-023/Guitare
Using Asset Import Pipeline V2.
Refreshing native plugins compatible for Editor in 29.23 ms, found 1 plugins.
Preloading 0 native plugins for Editor in 0.00 ms.
Initialize engine version: 2020.3.1f1 (77a89f25062f)
[Subsystems] Discovering subsystems at path C:/Program Files/Unity/Hub/Editor/2020.3.1f1/Editor/Data/Resources/UnitySubsystems
[Subsystems] Discovering subsystems at path C:/Users/axell/OneDrive/Documents/GitHub/Guitare-023/Guitare/Assets
GfxDevice: creating device client; threaded=0
Direct3D:
    Version:  Direct3D 11.0 [level 11.1]
    Renderer: NVIDIA GeForce RTX 3070 (ID=0x2484)
    Vendor:   
    VRAM:     8043 MB
    Driver:   27.21.14.6647
Initialize mono
Mono path[0] = 'C:/Program Files/Unity/Hub/Editor/2020.3.1f1/Editor/Data/Managed'
Mono path[1] = 'C:/Program Files/Unity/Hub/Editor/2020.3.1f1/Editor/Data/MonoBleedingEdge/lib/mono/unityjit'
Mono config path = 'C:/Program Files/Unity/Hub/Editor/2020.3.1f1/Editor/Data/MonoBleedingEdge/etc'
Using monoOptions --debugger-agent=transport=dt_socket,embedding=1,server=y,suspend=n,address=127.0.0.1:56612
Begin MonoManager ReloadAssembly
Registering precompiled unity dll's ...
Register platform support module: C:/Program Files/Unity/Hub/Editor/2020.3.1f1/Editor/Data/PlaybackEngines/WindowsStandaloneSupport/UnityEditor.WindowsStandalone.Extensions.dll
Registered in 0.002007 seconds.
Native extension for WindowsStandalone target not found
Refreshing native plugins compatible for Editor in 30.12 ms, found 1 plugins.
Preloading 0 native plugins for Editor in 0.00 ms.
Invoked RoslynAnalysisRunner static constructor.
RoslynAnalysisRunner will not be running.
RoslynAnalysisRunner has terminated.
Mono: successfully reloaded assembly
- Completed reload, in  0.816 seconds
Platform modules already initialized, skipping
Registering precompiled user dll's ...
Registered in 0.000938 seconds.
Begin MonoManager ReloadAssembly
Native extension for WindowsStandalone target not found
Refreshing native plugins compatible for Editor in 29.75 ms, found 1 plugins.
Preloading 0 native plugins for Editor in 0.00 ms.
Invoked RoslynAnalysisRunner static constructor.
RoslynAnalysisRunner will not be running.
RoslynAnalysisRunner has terminated.
Mono: successfully reloaded assembly
- Completed reload, in  0.711 seconds
Platform modules already initialized, skipping
========================================================================
Worker process is ready to serve import requests
Launched and connected shader compiler UnityShaderCompiler.exe after 0.04 seconds
Refreshing native plugins compatible for Editor in 0.28 ms, found 1 plugins.
Preloading 0 native plugins for Editor in 0.00 ms.
Unloading 1860 Unused Serialized files (Serialized files now loaded: 0)
System memory in use before: 87.8 MB.
System memory in use after: 87.9 MB.

Unloading 19 unused Assets to reduce memory usage. Loaded Objects now: 2310.
Total: 1.573300 ms (FindLiveObjects: 0.190400 ms CreateObjectMapping: 0.078900 ms MarkObjects: 1.249600 ms  DeleteObjects: 0.053200 ms)

========================================================================
Received Import Request.
  path: Assets/Pause.cs
  artifactKey: Guid(cb5a19208f0bea34b8bbea0d7e0cda39) Importer(815301076,1909f56bfc062723c751e8b465ee728b)
Start importing Assets/Pause.cs using Guid(cb5a19208f0bea34b8bbea0d7e0cda39) Importer(815301076,1909f56bfc062723c751e8b465ee728b)  -> (artifact id: '0c01aa9f51fdebeb951243eedf68a827') in 0.022606 seconds
  Import took 0.024884 seconds .

========================================================================
Received Prepare
Registering precompiled user dll's ...
Registered in 0.000969 seconds.
Begin MonoManager ReloadAssembly
Native extension for WindowsStandalone target not found
Refreshing native plugins compatible for Editor in 0.29 ms, found 1 plugins.
Preloading 0 native plugins for Editor in 0.00 ms.
Invoked RoslynAnalysisRunner static constructor.
RoslynAnalysisRunner will not be running.
RoslynAnalysisRunner has terminated.
Mono: successfully reloaded assembly
- Completed reload, in  0.658 seconds
Platform modules already initialized, skipping
Refreshing native plugins compatible for Editor in 0.28 ms, found 1 plugins.
Preloading 0 native plugins for Editor in 0.00 ms.
Unloading 1838 Unused Serialized files (Serialized files now loaded: 0)
System memory in use before: 86.5 MB.
System memory in use after: 86.6 MB.

Unloading 8 unused Assets to reduce memory usage. Loaded Objects now: 2313.
Total: 1.548000 ms (FindLiveObjects: 0.169300 ms CreateObjectMapping: 0.060400 ms MarkObjects: 1.305800 ms  DeleteObjects: 0.011800 ms)

========================================================================
Received Import Request.
  Time since last request: 66.109517 seconds.
  path: Assets/GameManager.cs
  artifactKey: Guid(590817297b802f94c99d0c08958c36ad) Importer(815301076,1909f56bfc062723c751e8b465ee728b)
Start importing Assets/GameManager.cs using Guid(590817297b802f94c99d0c08958c36ad) Importer(815301076,1909f56bfc062723c751e8b465ee728b)  -> (artifact id: '17e5f4de943ceefab9f4a4115ec4da5e') in 0.004884 seconds
  Import took 0.007259 seconds .

========================================================================
Received Prepare
Registering precompiled user dll's ...
Registered in 0.000877 seconds.
Begin MonoManager ReloadAssembly
Native extension for WindowsStandalone target not found
Refreshing native plugins compatible for Editor in 0.31 ms, found 1 plugins.
Preloading 0 native plugins for Editor in 0.00 ms.
Invoked RoslynAnalysisRunner static constructor.
RoslynAnalysisRunner will not be running.
RoslynAnalysisRunner has terminated.
Mono: successfully reloaded assembly
- Completed reload, in  0.674 seconds
Platform modules already initialized, skipping
Refreshing native plugins compatible for Editor in 0.29 ms, found 1 plugins.
Preloading 0 native plugins for Editor in 0.00 ms.
Unloading 1838 Unused Serialized files (Serialized files now loaded: 0)
System memory in use before: 86.5 MB.
System memory in use after: 86.6 MB.

Unloading 8 unused Assets to reduce memory usage. Loaded Objects now: 2316.
Total: 1.384800 ms (FindLiveObjects: 0.155300 ms CreateObjectMapping: 0.058900 ms MarkObjects: 1.157100 ms  DeleteObjects: 0.012500 ms)

========================================================================
Received Prepare
Refreshing native plugins compatible for Editor in 1.69 ms, found 1 plugins.
Preloading 0 native plugins for Editor in 0.00 ms.
Unloading 6 Unused Serialized files (Serialized files now loaded: 0)
System memory in use before: 50.3 MB.
System memory in use after: 50.4 MB.

Unloading 5 unused Assets to reduce memory usage. Loaded Objects now: 2316.
Total: 2.463200 ms (FindLiveObjects: 0.202100 ms CreateObjectMapping: 0.076700 ms MarkObjects: 2.165500 ms  DeleteObjects: 0.016700 ms)

========================================================================
Received Import Request.
  Time since last request: 481.960958 seconds.
  path: Assets/Pause.cs
  artifactKey: Guid(cb5a19208f0bea34b8bbea0d7e0cda39) Importer(815301076,1909f56bfc062723c751e8b465ee728b)
Start importing Assets/Pause.cs using Guid(cb5a19208f0bea34b8bbea0d7e0cda39) Importer(815301076,1909f56bfc062723c751e8b465ee728b)  -> (artifact id: '493231b28dd149e531c64d152546d8cd') in 0.005165 seconds
  Import took 0.007511 seconds .

========================================================================
Received Import Request.
  Time since last request: 0.000552 seconds.
  path: Assets/Pause.cs
  artifactKey: Guid(cb5a19208f0bea34b8bbea0d7e0cda39) Importer(815301076,1909f56bfc062723c751e8b465ee728b)
Start importing Assets/Pause.cs using Guid(cb5a19208f0bea34b8bbea0d7e0cda39) Importer(815301076,1909f56bfc062723c751e8b465ee728b)  -> (artifact id: '493231b28dd149e531c64d152546d8cd') in 0.003679 seconds
  Import took 0.005797 seconds .

========================================================================
Received Import Request.
  Time since last request: 24.005330 seconds.
  path: Assets/Pause.cs
  artifactKey: Guid(cb5a19208f0bea34b8bbea0d7e0cda39) Importer(815301076,1909f56bfc062723c751e8b465ee728b)
Start importing Assets/Pause.cs using Guid(cb5a19208f0bea34b8bbea0d7e0cda39) Importer(815301076,1909f56bfc062723c751e8b465ee728b)  -> (artifact id: '583517a5c81fa6ebd7036d3fdddde1df') in 0.003925 seconds
  Import took 0.006325 seconds .

========================================================================
Received Prepare
Registering precompiled user dll's ...
Registered in 0.001022 seconds.
Begin MonoManager ReloadAssembly
Native extension for WindowsStandalone target not found
Refreshing native plugins compatible for Editor in 0.29 ms, found 1 plugins.
Preloading 0 native plugins for Editor in 0.00 ms.
Invoked RoslynAnalysisRunner static constructor.
RoslynAnalysisRunner will not be running.
RoslynAnalysisRunner has terminated.
Mono: successfully reloaded assembly
- Completed reload, in  0.648 seconds
Platform modules already initialized, skipping
Refreshing native plugins compatible for Editor in 0.31 ms, found 1 plugins.
Preloading 0 native plugins for Editor in 0.00 ms.
Unloading 1838 Unused Serialized files (Serialized files now loaded: 0)
System memory in use before: 86.6 MB.
System memory in use after: 86.7 MB.

Unloading 8 unused Assets to reduce memory usage. Loaded Objects now: 2319.
Total: 1.564100 ms (FindLiveObjects: 0.150100 ms CreateObjectMapping: 0.058000 ms MarkObjects: 1.340900 ms  DeleteObjects: 0.014100 ms)

========================================================================
Received Import Request.
  Time since last request: 12.432637 seconds.
  path: Assets/Pause.cs
  artifactKey: Guid(cb5a19208f0bea34b8bbea0d7e0cda39) Importer(815301076,1909f56bfc062723c751e8b465ee728b)
Start importing Assets/Pause.cs using Guid(cb5a19208f0bea34b8bbea0d7e0cda39) Importer(815301076,1909f56bfc062723c751e8b465ee728b)  -> (artifact id: '2bb81a094fb82d4b4598cffeee5d504b') in 0.005617 seconds
  Import took 0.007965 seconds .

========================================================================
Received Prepare
Refreshing native plugins compatible for Editor in 1.67 ms, found 1 plugins.
Preloading 0 native plugins for Editor in 0.00 ms.
Unloading 6 Unused Serialized files (Serialized files now loaded: 0)
System memory in use before: 50.3 MB.
System memory in use after: 50.5 MB.

Unloading 5 unused Assets to reduce memory usage. Loaded Objects now: 2319.
Total: 1.637200 ms (FindLiveObjects: 0.153100 ms CreateObjectMapping: 0.060800 ms MarkObjects: 1.411800 ms  DeleteObjects: 0.010800 ms)

AssetImportWorkerClient::OnTransportError - code=2 error=End of file
